
[32minfo: [39mStarting app...

[32minfo: [39m
[32minfo: [39m               .-..-.
[32minfo: [39m
[32minfo: [39m   Sails              <|    .-..-.
[32minfo: [39m   v0.12.9             |\
[32minfo: [39m                      /|.\
[32minfo: [39m                     / || \
[32minfo: [39m                   ,'  |'  \
[32minfo: [39m                .-'.-==|/_--'
[32minfo: [39m                `--'-------' 
[32minfo: [39m   __---___--___---___--___---___--___
[32minfo: [39m ____---___--___---___--___---___--___-__
[32minfo: [39m
[32minfo: [39mServer lifted in `/Users/will/git/jobBoard`
[32minfo: [39mTo see your app, visit https://localhost:1337
[32minfo: [39mTo shut down Sails, press <CTRL> + C at any time.
[37m[39m
[34mdebug: [39m-------------------------------------------------------
[34mdebug: [39m:: Fri Nov 25 2016 19:44:05 GMT+0800 (CST)
[37m[39m
[34mdebug: [39mEnvironment : development
[34mdebug: [39mPort        : 1337
[34mdebug: [39m-------------------------------------------------------

[32minfo: [39mStarting app...

[32minfo: [39m
[32minfo: [39m               .-..-.
[32minfo: [39m
[32minfo: [39m   Sails              <|    .-..-.
[32minfo: [39m   v0.12.9             |\
[32minfo: [39m                      /|.\
[32minfo: [39m                     / || \
[32minfo: [39m                   ,'  |'  \
[32minfo: [39m                .-'.-==|/_--'
[32minfo: [39m                `--'-------' 
[32minfo: [39m   __---___--___---___--___---___--___
[32minfo: [39m ____---___--___---___--___---___--___-__
[32minfo: [39m
[32minfo: [39mServer lifted in `/Users/will/git/jobBoard`
[32minfo: [39mTo see your app, visit http://localhost:1337
[32minfo: [39mTo shut down Sails, press <CTRL> + C at any time.
[37m[39m
[34mdebug: [39m-------------------------------------------------------
[34mdebug: [39m:: Fri Nov 25 2016 19:47:08 GMT+0800 (CST)
[37m[39m
[34mdebug: [39mEnvironment : development
[34mdebug: [39mPort        : 1337
[34mdebug: [39m-------------------------------------------------------
